# JRE version: OpenJDK Runtime Environment Temurin-21.0.10+7 (21.0.10+7) (build 21.0.10+7-LTS)
# Java VM: OpenJDK 64-Bit Server VM Temurin-21.0.10+7 (21.0.10+7-LTS, mixed mode, sharing, tiered, compressed oops, compressed class ptrs, parallel gc, windows-amd64)
GC Precious Log:
 CardTable entry size: 512
 CPUs: 12 total, 12 available
 Memory: 16055M
 Large Page Support: Disabled
 NUMA Support: Disabled
 Compressed Oops: Enabled (32-bit)
 Alignments: Space 512K, Generation 512K, Heap 2M
 Heap Min Capacity: 100M
 Heap Initial Capacity: 100M
 Heap Max Capacity: 2G
 Pre-touch: Disabled
 Parallel Workers: 10
Heap:
 PSYoungGen      total 17920K, used 17728K [0x00000000d5580000, 0x00000000d6a80000, 0x0000000100000000)
  eden space 17408K, 100% used [0x00000000d5580000,0x00000000d6680000,0x00000000d6680000)
  from space 512K, 62% used [0x00000000d6980000,0x00000000d69d0000,0x00000000d6a00000)
  to   space 512K, 0% used [0x00000000d6a00000,0x00000000d6a00000,0x00000000d6a80000)
 ParOldGen       total 113152K, used 68623K [0x0000000080000000, 0x0000000086e80000, 0x00000000d5580000)
  object space 113152K, 60% used [0x0000000080000000,0x0000000084303c08,0x0000000086e80000)
 Metaspace       used 86558K, committed 88320K, reserved 1179648K
  class space    used 10150K, committed 10944K, reserved 1048576K
GC Heap History (20 events):
Event: 256.494 GC heap before
{Heap before GC invocations=140 (full 4):
 PSYoungGen      total 17920K, used 17504K [0x00000000d5580000, 0x00000000d6a80000, 0x0000000100000000)
  eden space 17408K, 100% used [0x00000000d5580000,0x00000000d6680000,0x00000000d6680000)
  from space 512K, 18% used [0x00000000d6980000,0x00000000d6998000,0x00000000d6a00000)
  to   space 512K, 0% used [0x00000000d6a00000,0x00000000d6a00000,0x00000000d6a80000)
 ParOldGen       total 113152K, used 68103K [0x0000000080000000, 0x0000000086e80000, 0x00000000d5580000)
  object space 113152K, 60% used [0x0000000080000000,0x0000000084281c08,0x0000000086e80000)
 Metaspace       used 86548K, committed 88256K, reserved 1179648K
  class space    used 10149K, committed 10944K, reserved 1048576K
}
Event: 256.495 GC heap after
{Heap after GC invocations=140 (full 4):
 PSYoungGen      total 17920K, used 96K [0x00000000d5580000, 0x00000000d6a80000, 0x0000000100000000)
  eden space 17408K, 0% used [0x00000000d5580000,0x00000000d5580000,0x00000000d6680000)
  from space 512K, 18% used [0x00000000d6a00000,0x00000000d6a18000,0x00000000d6a80000)
  to   space 512K, 0% used [0x00000000d6980000,0x00000000d6980000,0x00000000d6a00000)
 ParOldGen       total 113152K, used 68103K [0x0000000080000000, 0x0000000086e80000, 0x00000000d5580000)
  object space 113152K, 60% used [0x0000000080000000,0x0000000084281c08,0x0000000086e80000)
 Metaspace       used 86548K, committed 88256K, reserved 1179648K
  class space    used 10149K, committed 10944K, reserved 1048576K
}
Event: 256.650 GC heap before
{Heap before GC invocations=141 (full 4):
 PSYoungGen      total 17920K, used 17504K [0x00000000d5580000, 0x00000000d6a80000, 0x0000000100000000)
  eden space 17408K, 100% used [0x00000000d5580000,0x00000000d6680000,0x00000000d6680000)
  from space 512K, 18% used [0x00000000d6a00000,0x00000000d6a18000,0x00000000d6a80000)
  to   space 512K, 0% used [0x00000000d6980000,0x00000000d6980000,0x00000000d6a00000)
 ParOldGen       total 113152K, used 68103K [0x0000000080000000, 0x0000000086e80000, 0x00000000d5580000)
  object space 113152K, 60% used [0x0000000080000000,0x0000000084281c08,0x0000000086e80000)
 Metaspace       used 86548K, committed 88256K, reserved 1179648K
  class space    used 10149K, committed 10944K, reserved 1048576K
}
Event: 256.650 GC heap after
{Heap after GC invocations=141 (full 4):
 PSYoungGen      total 17920K, used 64K [0x00000000d5580000, 0x00000000d6a80000, 0x0000000100000000)
  eden space 17408K, 0% used [0x00000000d5580000,0x00000000d5580000,0x00000000d6680000)
  from space 512K, 12% used [0x00000000d6980000,0x00000000d6990000,0x00000000d6a00000)
  to   space 512K, 0% used [0x00000000d6a00000,0x00000000d6a00000,0x00000000d6a80000)
 ParOldGen       total 113152K, used 68111K [0x0000000080000000, 0x0000000086e80000, 0x00000000d5580000)
  object space 113152K, 60% used [0x0000000080000000,0x0000000084283c08,0x0000000086e80000)
 Metaspace       used 86548K, committed 88256K, reserved 1179648K
  class space    used 10149K, committed 10944K, reserved 1048576K
}
Event: 256.808 GC heap before
{Heap before GC invocations=142 (full 4):
 PSYoungGen      total 17920K, used 17472K [0x00000000d5580000, 0x00000000d6a80000, 0x0000000100000000)
  eden space 17408K, 100% used [0x00000000d5580000,0x00000000d6680000,0x00000000d6680000)
  from space 512K, 12% used [0x00000000d6980000,0x00000000d6990000,0x00000000d6a00000)
  to   space 512K, 0% used [0x00000000d6a00000,0x00000000d6a00000,0x00000000d6a80000)
 ParOldGen       total 113152K, used 68111K [0x0000000080000000, 0x0000000086e80000, 0x00000000d5580000)
  object space 113152K, 60% used [0x0000000080000000,0x0000000084283c08,0x0000000086e80000)
 Metaspace       used 86548K, committed 88256K, reserved 1179648K
  class space    used 10149K, committed 10944K, reserved 1048576K
}
Event: 256.809 GC heap after
{Heap after GC invocations=142 (full 4):
 PSYoungGen      total 17920K, used 128K [0x00000000d5580000, 0x00000000d6a80000, 0x0000000100000000)
  eden space 17408K, 0% used [0x00000000d5580000,0x00000000d5580000,0x00000000d6680000)
  from space 512K, 25% used [0x00000000d6a00000,0x00000000d6a20000,0x00000000d6a80000)
  to   space 512K, 0% used [0x00000000d6980000,0x00000000d6980000,0x00000000d6a00000)
 ParOldGen       total 113152K, used 68111K [0x0000000080000000, 0x0000000086e80000, 0x00000000d5580000)
  object space 113152K, 60% used [0x0000000080000000,0x0000000084283c08,0x0000000086e80000)
 Metaspace       used 86548K, committed 88256K, reserved 1179648K
  class space    used 10149K, committed 10944K, reserved 1048576K
}
Event: 315.224 GC heap before
{Heap before GC invocations=143 (full 4):
 PSYoungGen      total 17920K, used 17536K [0x00000000d5580000, 0x00000000d6a80000, 0x0000000100000000)
  eden space 17408K, 100% used [0x00000000d5580000,0x00000000d6680000,0x00000000d6680000)
  from space 512K, 25% used [0x00000000d6a00000,0x00000000d6a20000,0x00000000d6a80000)
  to   space 512K, 0% used [0x00000000d6980000,0x00000000d6980000,0x00000000d6a00000)
 ParOldGen       total 113152K, used 68111K [0x0000000080000000, 0x0000000086e80000, 0x00000000d5580000)
  object space 113152K, 60% used [0x0000000080000000,0x0000000084283c08,0x0000000086e80000)
 Metaspace       used 86548K, committed 88256K, reserved 1179648K
  class space    used 10149K, committed 10944K, reserved 1048576K
}
Event: 315.225 GC heap after
{Heap after GC invocations=143 (full 4):
 PSYoungGen      total 17920K, used 320K [0x00000000d5580000, 0x00000000d6a80000, 0x0000000100000000)
  eden space 17408K, 0% used [0x00000000d5580000,0x00000000d5580000,0x00000000d6680000)
  from space 512K, 62% used [0x00000000d6980000,0x00000000d69d0000,0x00000000d6a00000)
  to   space 512K, 0% used [0x00000000d6a00000,0x00000000d6a00000,0x00000000d6a80000)
 ParOldGen       total 113152K, used 68111K [0x0000000080000000, 0x0000000086e80000, 0x00000000d5580000)
  object space 113152K, 60% used [0x0000000080000000,0x0000000084283c08,0x0000000086e80000)
 Metaspace       used 86548K, committed 88256K, reserved 1179648K
  class space    used 10149K, committed 10944K, reserved 1048576K
}
Event: 316.051 GC heap before
{Heap before GC invocations=144 (full 4):
 PSYoungGen      total 17920K, used 17728K [0x00000000d5580000, 0x00000000d6a80000, 0x0000000100000000)
  eden space 17408K, 100% used [0x00000000d5580000,0x00000000d6680000,0x00000000d6680000)
  from space 512K, 62% used [0x00000000d6980000,0x00000000d69d0000,0x00000000d6a00000)
  to   space 512K, 0% used [0x00000000d6a00000,0x00000000d6a00000,0x00000000d6a80000)
 ParOldGen       total 113152K, used 68111K [0x0000000080000000, 0x0000000086e80000, 0x00000000d5580000)
  object space 113152K, 60% used [0x0000000080000000,0x0000000084283c08,0x0000000086e80000)
 Metaspace       used 86548K, committed 88256K, reserved 1179648K
  class space    used 10149K, committed 10944K, reserved 1048576K
}
Event: 316.053 GC heap after
{Heap after GC invocations=144 (full 4):
 PSYoungGen      total 17920K, used 256K [0x00000000d5580000, 0x00000000d6a80000, 0x0000000100000000)
  eden space 17408K, 0% used [0x00000000d5580000,0x00000000d5580000,0x00000000d6680000)
  from space 512K, 50% used [0x00000000d6a00000,0x00000000d6a40000,0x00000000d6a80000)
  to   space 512K, 0% used [0x00000000d6980000,0x00000000d6980000,0x00000000d6a00000)
 ParOldGen       total 113152K, used 68215K [0x0000000080000000, 0x0000000086e80000, 0x00000000d5580000)
  object space 113152K, 60% used [0x0000000080000000,0x000000008429dc08,0x0000000086e80000)
 Metaspace       used 86548K, committed 88256K, reserved 1179648K
  class space    used 10149K, committed 10944K, reserved 1048576K
}
Event: 316.880 GC heap before
{Heap before GC invocations=145 (full 4):
 PSYoungGen      total 17920K, used 17664K [0x00000000d5580000, 0x00000000d6a80000, 0x0000000100000000)
  eden space 17408K, 100% used [0x00000000d5580000,0x00000000d6680000,0x00000000d6680000)
  from space 512K, 50% used [0x00000000d6a00000,0x00000000d6a40000,0x00000000d6a80000)
  to   space 512K, 0% used [0x00000000d6980000,0x00000000d6980000,0x00000000d6a00000)
 ParOldGen       total 113152K, used 68215K [0x0000000080000000, 0x0000000086e80000, 0x00000000d5580000)
  object space 113152K, 60% used [0x0000000080000000,0x000000008429dc08,0x0000000086e80000)
 Metaspace       used 86548K, committed 88256K, reserved 1179648K
  class space    used 10149K, committed 10944K, reserved 1048576K
}
Event: 316.882 GC heap after
{Heap after GC invocations=145 (full 4):
 PSYoungGen      total 17920K, used 224K [0x00000000d5580000, 0x00000000d6a80000, 0x0000000100000000)
  eden space 17408K, 0% used [0x00000000d5580000,0x00000000d5580000,0x00000000d6680000)
  from space 512K, 43% used [0x00000000d6980000,0x00000000d69b8000,0x00000000d6a00000)
  to   space 512K, 0% used [0x00000000d6a00000,0x00000000d6a00000,0x00000000d6a80000)
 ParOldGen       total 113152K, used 68271K [0x0000000080000000, 0x0000000086e80000, 0x00000000d5580000)
  object space 113152K, 60% used [0x0000000080000000,0x00000000842abc08,0x0000000086e80000)
 Metaspace       used 86548K, committed 88256K, reserved 1179648K
  class space    used 10149K, committed 10944K, reserved 1048576K
}
Event: 317.751 GC heap before
{Heap before GC invocations=146 (full 4):
 PSYoungGen      total 17920K, used 17632K [0x00000000d5580000, 0x00000000d6a80000, 0x0000000100000000)
  eden space 17408K, 100% used [0x00000000d5580000,0x00000000d6680000,0x00000000d6680000)
  from space 512K, 43% used [0x00000000d6980000,0x00000000d69b8000,0x00000000d6a00000)
  to   space 512K, 0% used [0x00000000d6a00000,0x00000000d6a00000,0x00000000d6a80000)
 ParOldGen       total 113152K, used 68271K [0x0000000080000000, 0x0000000086e80000, 0x00000000d5580000)
  object space 113152K, 60% used [0x0000000080000000,0x00000000842abc08,0x0000000086e80000)
 Metaspace       used 86548K, committed 88256K, reserved 1179648K
  class space    used 10149K, committed 10944K, reserved 1048576K
}
Event: 317.752 GC heap after
{Heap after GC invocations=146 (full 4):
 PSYoungGen      total 17920K, used 320K [0x00000000d5580000, 0x00000000d6a80000, 0x0000000100000000)
  eden space 17408K, 0% used [0x00000000d5580000,0x00000000d5580000,0x00000000d6680000)
  from space 512K, 62% used [0x00000000d6a00000,0x00000000d6a50000,0x00000000d6a80000)
  to   space 512K, 0% used [0x00000000d6980000,0x00000000d6980000,0x00000000d6a00000)
 ParOldGen       total 113152K, used 68367K [0x0000000080000000, 0x0000000086e80000, 0x00000000d5580000)
  object space 113152K, 60% used [0x0000000080000000,0x00000000842c3c08,0x0000000086e80000)
 Metaspace       used 86548K, committed 88256K, reserved 1179648K
  class space    used 10149K, committed 10944K, reserved 1048576K
}
Event: 318.485 GC heap before
{Heap before GC invocations=147 (full 4):
 PSYoungGen      total 17920K, used 17728K [0x00000000d5580000, 0x00000000d6a80000, 0x0000000100000000)
  eden space 17408K, 100% used [0x00000000d5580000,0x00000000d6680000,0x00000000d6680000)
  from space 512K, 62% used [0x00000000d6a00000,0x00000000d6a50000,0x00000000d6a80000)
  to   space 512K, 0% used [0x00000000d6980000,0x00000000d6980000,0x00000000d6a00000)
 ParOldGen       total 113152K, used 68367K [0x0000000080000000, 0x0000000086e80000, 0x00000000d5580000)
  object space 113152K, 60% used [0x0000000080000000,0x00000000842c3c08,0x0000000086e80000)
 Metaspace       used 86548K, committed 88256K, reserved 1179648K
  class space    used 10149K, committed 10944K, reserved 1048576K
}
Event: 318.486 GC heap after
{Heap after GC invocations=147 (full 4):
 PSYoungGen      total 17920K, used 256K [0x00000000d5580000, 0x00000000d6a80000, 0x0000000100000000)
  eden space 17408K, 0% used [0x00000000d5580000,0x00000000d5580000,0x00000000d6680000)
  from space 512K, 50% used [0x00000000d6980000,0x00000000d69c0000,0x00000000d6a00000)
  to   space 512K, 0% used [0x00000000d6a00000,0x00000000d6a00000,0x00000000d6a80000)
 ParOldGen       total 113152K, used 68463K [0x0000000080000000, 0x0000000086e80000, 0x00000000d5580000)
  object space 113152K, 60% used [0x0000000080000000,0x00000000842dbc08,0x0000000086e80000)
 Metaspace       used 86548K, committed 88256K, reserved 1179648K
  class space    used 10149K, committed 10944K, reserved 1048576K
}
Event: 319.338 GC heap before
{Heap before GC invocations=148 (full 4):
 PSYoungGen      total 17920K, used 17664K [0x00000000d5580000, 0x00000000d6a80000, 0x0000000100000000)
  eden space 17408K, 100% used [0x00000000d5580000,0x00000000d6680000,0x00000000d6680000)
  from space 512K, 50% used [0x00000000d6980000,0x00000000d69c0000,0x00000000d6a00000)
  to   space 512K, 0% used [0x00000000d6a00000,0x00000000d6a00000,0x00000000d6a80000)
 ParOldGen       total 113152K, used 68463K [0x0000000080000000, 0x0000000086e80000, 0x00000000d5580000)
  object space 113152K, 60% used [0x0000000080000000,0x00000000842dbc08,0x0000000086e80000)
 Metaspace       used 86548K, committed 88256K, reserved 1179648K
  class space    used 10149K, committed 10944K, reserved 1048576K
}
Event: 319.339 GC heap after
{Heap after GC invocations=148 (full 4):
 PSYoungGen      total 17920K, used 256K [0x00000000d5580000, 0x00000000d6a80000, 0x0000000100000000)
  eden space 17408K, 0% used [0x00000000d5580000,0x00000000d5580000,0x00000000d6680000)
  from space 512K, 50% used [0x00000000d6a00000,0x00000000d6a40000,0x00000000d6a80000)
  to   space 512K, 0% used [0x00000000d6980000,0x00000000d6980000,0x00000000d6a00000)
 ParOldGen       total 113152K, used 68551K [0x0000000080000000, 0x0000000086e80000, 0x00000000d5580000)
  object space 113152K, 60% used [0x0000000080000000,0x00000000842f1c08,0x0000000086e80000)
 Metaspace       used 86548K, committed 88256K, reserved 1179648K
  class space    used 10149K, committed 10944K, reserved 1048576K
}
Event: 320.014 GC heap before
{Heap before GC invocations=149 (full 4):
 PSYoungGen      total 17920K, used 17664K [0x00000000d5580000, 0x00000000d6a80000, 0x0000000100000000)
  eden space 17408K, 100% used [0x00000000d5580000,0x00000000d6680000,0x00000000d6680000)
  from space 512K, 50% used [0x00000000d6a00000,0x00000000d6a40000,0x00000000d6a80000)
  to   space 512K, 0% used [0x00000000d6980000,0x00000000d6980000,0x00000000d6a00000)
 ParOldGen       total 113152K, used 68551K [0x0000000080000000, 0x0000000086e80000, 0x00000000d5580000)
  object space 113152K, 60% used [0x0000000080000000,0x00000000842f1c08,0x0000000086e80000)
 Metaspace       used 86548K, committed 88256K, reserved 1179648K
  class space    used 10149K, committed 10944K, reserved 1048576K
}
Event: 320.015 GC heap after
{Heap after GC invocations=149 (full 4):
 PSYoungGen      total 17920K, used 320K [0x00000000d5580000, 0x00000000d6a80000, 0x0000000100000000)
  eden space 17408K, 0% used [0x00000000d5580000,0x00000000d5580000,0x00000000d6680000)
  from space 512K, 62% used [0x00000000d6980000,0x00000000d69d0000,0x00000000d6a00000)
  to   space 512K, 0% used [0x00000000d6a00000,0x00000000d6a00000,0x00000000d6a80000)
 ParOldGen       total 113152K, used 68623K [0x0000000080000000, 0x0000000086e80000, 0x00000000d5580000)
  object space 113152K, 60% used [0x0000000080000000,0x0000000084303c08,0x0000000086e80000)
 Metaspace       used 86548K, committed 88256K, reserved 1179648K
  class space    used 10149K, committed 10944K, reserved 1048576K
}

